[2026-01-14T09:31:45.557Z] [INFO] GET /api/projects
[2026-01-14T09:31:45.721Z] [INFO] GET /api/projects/1
[2026-01-14T09:34:12.171Z] [INFO] GET /api/posts?projectId=1
[2026-01-14T09:34:12.174Z] [INFO] GET /api/projects/1/content-plans
[2026-01-14T09:34:12.214Z] [INFO] GET /api/posts?projectId=1
[2026-01-14T09:34:12.220Z] [INFO] GET /api/projects/1/content-plans
[2026-01-14T09:37:05.306Z] [INFO] GET /api/projects
[2026-01-14T09:37:05.446Z] [INFO] GET /api/projects/1
[2026-01-14T09:37:05.488Z] [INFO] GET /api/posts?projectId=1
[2026-01-14T09:37:05.490Z] [INFO] GET /api/projects/1/content-plans
[2026-01-14T09:37:15.932Z] [INFO] GET /api/posts/5
[2026-01-14T09:37:16.006Z] [INFO] GET /api/projects/1/content-plans
[2026-01-14T09:37:18.427Z] [INFO] GET /api/projects/1/content-plans
[2026-01-14T09:37:18.429Z] [INFO] GET /api/posts?projectId=1
[2026-01-14T09:37:18.448Z] [INFO] GET /api/projects/1/content-plans
[2026-01-14T09:37:18.488Z] [INFO] GET /api/posts?projectId=1
[2026-01-14T09:37:20.361Z] [INFO] GET /api/posts/3
[2026-01-14T09:37:20.406Z] [INFO] GET /api/projects/1/content-plans
[2026-01-14T09:37:22.878Z] [INFO] GET /api/posts?projectId=1
[2026-01-14T09:37:22.880Z] [INFO] GET /api/projects/1/content-plans
[2026-01-14T09:37:22.915Z] [INFO] GET /api/posts?projectId=1
[2026-01-14T09:37:22.917Z] [INFO] GET /api/projects/1/content-plans
[2026-01-14T09:38:33.352Z] [INFO] GET /api/posts?projectId=1
[2026-01-14T09:38:33.384Z] [INFO] GET /api/projects/1/content-plans
[2026-01-14T09:38:33.412Z] [INFO] GET /api/posts?projectId=1
[2026-01-14T09:38:33.415Z] [INFO] GET /api/projects/1/content-plans
[2026-01-14T09:41:00.964Z] [INFO] GET /api/projects
[2026-01-14T09:41:00.995Z] [INFO] GET /api/projects/1
[2026-01-14T09:42:08.590Z] [INFO] GET /api/projects
[2026-01-14T09:42:08.627Z] [INFO] GET /api/projects/1
[2026-01-14T09:50:13.903Z] [INFO] GET /api/projects
[2026-01-14T09:50:13.943Z] [INFO] GET /api/projects/1
[2026-01-14T09:50:23.199Z] [INFO] GET /api/projects
[2026-01-14T09:50:23.262Z] [INFO] GET /api/projects/1
[2026-01-14T09:59:23.386Z] [INFO] GET /api/projects
[2026-01-14T09:59:23.520Z] [INFO] GET /api/projects/1
[2026-01-14T09:59:43.753Z] [INFO] GET /api/projects
[2026-01-14T09:59:43.847Z] [INFO] GET /api/projects/1
[2026-01-14T09:59:51.056Z] [INFO] GET /api/projects
[2026-01-14T09:59:51.114Z] [INFO] GET /api/projects/1
[2026-01-14T09:59:51.180Z] [INFO] GET /api/posts?projectId=1
[2026-01-14T09:59:51.186Z] [INFO] GET /api/projects/1/content-plans
[2026-01-14T09:59:53.962Z] [INFO] GET /api/posts?projectId=1
[2026-01-14T09:59:53.983Z] [INFO] GET /api/projects/1/content-plans
[2026-01-14T09:59:54.031Z] [INFO] GET /api/posts?projectId=1
[2026-01-14T09:59:54.052Z] [INFO] GET /api/projects/1/content-plans
[2026-01-14T10:02:14.936Z] [INFO] GET /api/projects
[2026-01-14T10:02:14.990Z] [INFO] GET /api/projects/1
[2026-01-14T10:02:15.047Z] [INFO] GET /api/posts?projectId=1
[2026-01-14T10:02:15.050Z] [INFO] GET /api/projects/1/content-plans
[2026-01-14T10:02:56.842Z] [INFO] GET /api/posts/4
[2026-01-14T10:02:56.952Z] [INFO] GET /api/projects/1/content-plans
[2026-01-14T10:03:00.706Z] [INFO] GET /api/posts?projectId=1
[2026-01-14T10:03:00.720Z] [INFO] GET /api/projects/1/content-plans
[2026-01-14T10:03:00.765Z] [INFO] GET /api/posts?projectId=1
[2026-01-14T10:03:00.844Z] [INFO] GET /api/projects/1/content-plans
[2026-01-14T10:07:28.894Z] [INFO] GET /api/posts?projectId=1
[2026-01-14T10:07:28.899Z] [INFO] GET /api/projects/1/content-plans
[2026-01-14T10:07:28.991Z] [INFO] GET /api/posts?projectId=1
[2026-01-14T10:07:28.992Z] [INFO] GET /api/projects/1/content-plans
[2026-01-14T10:07:35.052Z] [INFO] GET /api/projects/1/content-plans
[2026-01-14T10:07:35.059Z] [INFO] GET /api/posts?projectId=1
[2026-01-14T10:07:35.145Z] [INFO] GET /api/projects/1/content-plans
[2026-01-14T10:07:35.156Z] [INFO] GET /api/posts?projectId=1
[2026-01-14T10:07:55.770Z] [INFO] GET /api/projects
[2026-01-14T10:07:55.835Z] [INFO] GET /api/projects/1
[2026-01-14T10:07:55.891Z] [INFO] GET /api/posts?projectId=1
[2026-01-14T10:07:55.906Z] [INFO] GET /api/projects/1/content-plans
[2026-01-14T10:08:10.064Z] [INFO] POST /api/projects/1/content-plans
[2026-01-14T10:08:10.206Z] [INFO] GET /api/projects/1/content-plans
[2026-01-14T10:08:10.342Z] [INFO] POST /api/projects/content-plans/1/generate
[2026-01-14T10:08:12.437Z] [INFO] GET /api/projects/1/content-plans
[2026-01-14T10:08:12.688Z] [INFO] GET /api/posts?projectId=1
[2026-01-14T10:08:38.619Z] [INFO] POST /api/projects/1/content-plans
[2026-01-14T10:08:38.825Z] [INFO] GET /api/projects/1/content-plans
[2026-01-14T10:08:38.929Z] [INFO] POST /api/projects/content-plans/2/generate
[2026-01-14T10:08:41.004Z] [INFO] GET /api/projects/1/content-plans
[2026-01-14T10:08:41.310Z] [INFO] GET /api/posts?projectId=1
[2026-01-14T10:08:58.609Z] [INFO] POST /api/projects/1/content-plans
[2026-01-14T10:08:58.889Z] [INFO] GET /api/projects/1/content-plans
[2026-01-14T10:08:59.028Z] [INFO] POST /api/projects/content-plans/3/generate
[2026-01-14T10:09:01.098Z] [INFO] GET /api/projects/1/content-plans
[2026-01-14T10:09:01.450Z] [INFO] GET /api/posts?projectId=1
[2026-01-14T10:12:09.218Z] [INFO] GET /api/posts?projectId=1
[2026-01-14T10:12:09.228Z] [INFO] GET /api/projects/1/content-plans
[2026-01-14T10:12:09.304Z] [INFO] GET /api/projects/1/content-plans
[2026-01-14T10:12:09.320Z] [INFO] GET /api/posts?projectId=1
[2026-01-14T10:19:10.019Z] [INFO] GET /api/posts?projectId=1
[2026-01-14T10:19:10.034Z] [INFO] GET /api/projects/1/content-plans
[2026-01-14T10:19:10.098Z] [INFO] GET /api/posts?projectId=1
[2026-01-14T10:19:10.099Z] [INFO] GET /api/projects/1/content-plans
[2026-01-14T10:20:26.341Z] [INFO] GET /api/projects
[2026-01-14T10:20:26.404Z] [INFO] GET /api/projects/1
[2026-01-14T10:20:26.443Z] [INFO] GET /api/posts?projectId=1
[2026-01-14T10:20:26.446Z] [INFO] GET /api/projects/1/content-plans
[2026-01-14T10:21:06.296Z] [INFO] POST /api/projects/1/content-plans
[2026-01-14T10:21:06.472Z] [INFO] GET /api/projects/1/content-plans
[2026-01-14T11:02:17.245Z] [INFO] GET /api/posts?projectId=1
[2026-01-14T11:02:17.273Z] [INFO] GET /api/projects/1/content-plans
[2026-01-14T11:02:17.432Z] [INFO] GET /api/projects/1/content-plans
[2026-01-14T11:02:17.447Z] [INFO] GET /api/posts?projectId=1
[2026-01-14T11:02:25.034Z] [INFO] GET /api/posts?projectId=1
[2026-01-14T11:02:25.048Z] [INFO] GET /api/projects/1/content-plans
[2026-01-14T11:02:25.071Z] [INFO] GET /api/posts?projectId=1
[2026-01-14T11:02:25.105Z] [INFO] GET /api/projects/1/content-plans
[2026-01-14T11:04:22.402Z] [INFO] GET /api/posts?projectId=1
[2026-01-14T11:04:22.425Z] [INFO] GET /api/projects/1/content-plans
[2026-01-14T11:04:22.593Z] [INFO] GET /api/posts?projectId=1
[2026-01-14T11:04:22.625Z] [INFO] GET /api/projects/1/content-plans
[2026-01-14T11:04:50.955Z] [INFO] POST /api/projects/1/content-plans
[2026-01-14T11:04:56.454Z] [INFO] POST /api/projects/1/content-plans
[2026-01-14T11:04:57.604Z] [INFO] POST /api/projects/1/content-plans
[2026-01-14T11:06:40.762Z] [INFO] GET /api/projects
[2026-01-14T11:06:40.856Z] [INFO] GET /api/projects/1
[2026-01-14T11:06:40.914Z] [INFO] GET /api/posts?projectId=1
[2026-01-14T11:06:40.925Z] [INFO] GET /api/projects/1/content-plans
[2026-01-14T11:06:57.185Z] [INFO] POST /api/projects/1/content-plans
[2026-01-14T11:06:57.268Z] [INFO] GET /api/projects/1/content-plans
[2026-01-14T11:07:16.506Z] [INFO] POST /api/projects/1/content-plans
[2026-01-14T11:07:16.678Z] [INFO] GET /api/projects/1/content-plans
[2026-01-14T11:07:54.777Z] [INFO] GET /api/posts?projectId=1
[2026-01-14T11:07:54.779Z] [INFO] GET /api/projects/1/content-plans
[2026-01-14T11:07:54.870Z] [INFO] GET /api/posts?projectId=1
[2026-01-14T11:07:54.890Z] [INFO] GET /api/projects/1/content-plans
[2026-01-14T11:15:23.125Z] [INFO] GET /api/posts?projectId=1
[2026-01-14T11:15:23.127Z] [INFO] GET /api/projects/1/content-plans
[2026-01-14T11:15:23.195Z] [INFO] GET /api/projects/1/content-plans
[2026-01-14T11:15:23.206Z] [INFO] GET /api/posts?projectId=1
[2026-01-14T11:16:25.174Z] [INFO] GET /api/posts?projectId=1
[2026-01-14T11:16:25.177Z] [INFO] GET /api/projects/1/content-plans
[2026-01-14T11:16:25.236Z] [INFO] GET /api/posts?projectId=1
[2026-01-14T11:16:25.242Z] [INFO] GET /api/projects/1/content-plans
[2026-01-14T11:19:00.888Z] [INFO] GET /api/posts?projectId=1
[2026-01-14T11:19:00.890Z] [INFO] GET /api/projects/1/content-plans
[2026-01-14T11:19:00.950Z] [INFO] GET /api/projects/1/content-plans
[2026-01-14T11:19:00.962Z] [INFO] GET /api/posts?projectId=1
[2026-01-14T11:19:31.868Z] [INFO] GET /api/posts?projectId=1
[2026-01-14T11:19:31.895Z] [INFO] GET /api/projects/1/content-plans
[2026-01-14T11:19:31.944Z] [INFO] GET /api/posts?projectId=1
[2026-01-14T11:19:31.965Z] [INFO] GET /api/projects/1/content-plans
[2026-01-14T11:20:34.195Z] [INFO] GET /api/posts?projectId=1
[2026-01-14T11:20:34.199Z] [INFO] GET /api/projects/1/content-plans
[2026-01-14T11:20:34.258Z] [INFO] GET /api/projects/1/content-plans
[2026-01-14T11:20:34.275Z] [INFO] GET /api/posts?projectId=1
[2026-01-14T11:21:31.565Z] [INFO] GET /api/posts?projectId=1
[2026-01-14T11:21:31.580Z] [INFO] GET /api/projects/1/content-plans
[2026-01-14T11:21:31.655Z] [INFO] GET /api/posts?projectId=1
[2026-01-14T11:21:31.658Z] [INFO] GET /api/projects/1/content-plans
[2026-01-14T11:22:01.559Z] [INFO] GET /api/posts?projectId=1
[2026-01-14T11:22:01.561Z] [INFO] GET /api/projects/1/content-plans
[2026-01-14T11:22:01.625Z] [INFO] GET /api/posts?projectId=1
[2026-01-14T11:22:01.630Z] [INFO] GET /api/projects/1/content-plans
[2026-01-14T11:22:42.913Z] [INFO] GET /api/posts?projectId=1
[2026-01-14T11:22:42.914Z] [INFO] GET /api/projects/1/content-plans
[2026-01-14T11:22:42.957Z] [INFO] GET /api/projects/1/content-plans
[2026-01-14T11:22:42.967Z] [INFO] GET /api/posts?projectId=1
[2026-01-14T11:23:37.795Z] [INFO] GET /api/posts?projectId=1
[2026-01-14T11:23:37.796Z] [INFO] GET /api/projects/1/content-plans
[2026-01-14T11:23:37.882Z] [INFO] GET /api/projects/1/content-plans
[2026-01-14T11:23:37.883Z] [INFO] GET /api/posts?projectId=1
[2026-01-14T11:43:18.650Z] [INFO] POST /api/projects/1/content-plans
[2026-01-14T11:43:18.719Z] [INFO] GET /api/projects/1/content-plans
[2026-01-14T11:43:34.779Z] [INFO] GET /api/posts/1
[2026-01-14T11:43:34.859Z] [INFO] GET /api/projects/1/content-plans
[2026-01-14T11:43:39.637Z] [INFO] GET /api/posts?projectId=1
[2026-01-14T11:43:39.649Z] [INFO] GET /api/projects/1/content-plans
[2026-01-14T11:43:39.680Z] [INFO] GET /api/posts?projectId=1
[2026-01-14T11:43:39.688Z] [INFO] GET /api/projects/1/content-plans
[2026-01-14T11:43:41.378Z] [INFO] GET /api/posts/3
[2026-01-14T11:43:41.441Z] [INFO] GET /api/projects/1/content-plans
[2026-01-14T11:43:47.910Z] [INFO] PUT /api/posts/3
[2026-01-14T11:43:52.340Z] [INFO] GET /api/posts?projectId=1
[2026-01-14T11:43:52.361Z] [INFO] GET /api/projects/1/content-plans
[2026-01-14T11:43:52.382Z] [INFO] GET /api/posts?projectId=1
[2026-01-14T11:43:52.413Z] [INFO] GET /api/projects/1/content-plans
[2026-01-14T11:45:24.816Z] [INFO] GET /api/posts?projectId=1
[2026-01-14T11:45:24.818Z] [INFO] GET /api/projects/1/content-plans
[2026-01-14T11:45:24.881Z] [INFO] GET /api/posts?projectId=1
[2026-01-14T11:45:24.888Z] [INFO] GET /api/projects/1/content-plans
[2026-01-14T11:57:07.418Z] [INFO] GET /api/projects/1/content-plans
[2026-01-14T11:57:07.421Z] [INFO] GET /api/posts?projectId=1
[2026-01-14T11:57:07.496Z] [INFO] GET /api/posts?projectId=1
[2026-01-14T11:57:07.499Z] [INFO] GET /api/projects/1/content-plans
[2026-01-14T11:57:33.201Z] [INFO] GET /api/posts?projectId=1
[2026-01-14T11:57:33.204Z] [INFO] GET /api/projects/1/content-plans
[2026-01-14T11:57:33.269Z] [INFO] GET /api/posts?projectId=1
[2026-01-14T11:57:33.270Z] [INFO] GET /api/projects/1/content-plans
[2026-01-14T11:57:43.035Z] [INFO] GET /api/posts?projectId=1
[2026-01-14T11:57:43.040Z] [INFO] GET /api/projects/1/content-plans
[2026-01-14T11:57:43.068Z] [INFO] GET /api/posts?projectId=1
[2026-01-14T11:57:43.069Z] [INFO] GET /api/projects/1/content-plans
[2026-01-14T11:57:53.880Z] [INFO] GET /api/posts?projectId=1
[2026-01-14T11:57:53.883Z] [INFO] GET /api/projects/1/content-plans
[2026-01-14T11:57:53.930Z] [INFO] GET /api/posts?projectId=1
[2026-01-14T11:57:53.940Z] [INFO] GET /api/projects/1/content-plans
[2026-01-14T11:58:04.629Z] [INFO] GET /api/posts?projectId=1
[2026-01-14T11:58:04.633Z] [INFO] GET /api/projects/1/content-plans
[2026-01-14T11:58:04.683Z] [INFO] GET /api/posts?projectId=1
[2026-01-14T11:58:04.686Z] [INFO] GET /api/projects/1/content-plans
[2026-01-14T11:58:18.124Z] [INFO] GET /api/posts?projectId=1
[2026-01-14T11:58:18.128Z] [INFO] GET /api/projects/1/content-plans
[2026-01-14T11:58:18.176Z] [INFO] GET /api/posts?projectId=1
[2026-01-14T11:58:18.210Z] [INFO] GET /api/projects/1/content-plans
[2026-01-14T12:04:06.030Z] [INFO] POST /api/projects/1/content-plans
[2026-01-14T12:04:06.107Z] [INFO] GET /api/projects/1/content-plans
[2026-01-14T12:04:06.264Z] [INFO] POST /api/projects/content-plans/4/generate
[2026-01-14T12:04:59.123Z] [INFO] POST /api/projects/1/content-plans
[2026-01-14T12:04:59.187Z] [INFO] GET /api/projects/1/content-plans
[2026-01-14T12:04:59.328Z] [INFO] POST /api/projects/content-plans/5/generate
[2026-01-14T12:06:45.540Z] [INFO] GET /api/posts?projectId=1
[2026-01-14T12:06:45.545Z] [INFO] GET /api/projects/1/content-plans
[2026-01-14T12:06:45.638Z] [INFO] GET /api/projects/1/content-plans
[2026-01-14T12:06:45.646Z] [INFO] GET /api/posts?projectId=1
[2026-01-14T12:28:00.138Z] [INFO] GET /api/posts?projectId=1
[2026-01-14T12:28:00.155Z] [INFO] GET /api/projects/1/content-plans
[2026-01-14T12:28:00.220Z] [INFO] GET /api/projects/1/content-plans
[2026-01-14T12:28:00.229Z] [INFO] GET /api/posts?projectId=1
[2026-01-14T12:28:24.379Z] [INFO] GET /api/posts?projectId=1
[2026-01-14T12:28:24.383Z] [INFO] GET /api/projects/1/content-plans
[2026-01-14T12:28:24.439Z] [INFO] GET /api/projects/1/content-plans
[2026-01-14T12:28:24.446Z] [INFO] GET /api/posts?projectId=1
[2026-01-14T12:28:34.107Z] [INFO] GET /api/projects/1/content-plans
[2026-01-14T12:28:34.108Z] [INFO] GET /api/posts?projectId=1
[2026-01-14T12:28:34.130Z] [INFO] GET /api/posts?projectId=1
[2026-01-14T12:28:34.134Z] [INFO] GET /api/projects/1/content-plans
[2026-01-14T12:29:47.602Z] [INFO] POST /api/projects/1/content-plans
[2026-01-14T12:29:47.733Z] [INFO] GET /api/projects/1/content-plans
[2026-01-14T13:21:41.124Z] [INFO] GET /api/posts?projectId=1
[2026-01-14T13:21:41.130Z] [INFO] GET /api/projects/1/content-plans
[2026-01-14T13:21:41.169Z] [INFO] GET /api/projects/1/content-plans
[2026-01-14T13:21:41.173Z] [INFO] GET /api/posts?projectId=1
[2026-01-14T13:29:23.363Z] [INFO] GET /api/posts?projectId=1
[2026-01-14T13:29:23.364Z] [INFO] GET /api/projects/1/content-plans
[2026-01-14T13:29:23.433Z] [INFO] GET /api/posts?projectId=1
[2026-01-14T13:29:23.447Z] [INFO] GET /api/projects/1/content-plans
[2026-01-14T13:29:31.195Z] [INFO] GET /api/posts?projectId=1
[2026-01-14T13:29:31.196Z] [INFO] GET /api/projects/1/content-plans
[2026-01-14T13:29:31.216Z] [INFO] GET /api/projects/1/content-plans
[2026-01-14T13:29:31.222Z] [INFO] GET /api/posts?projectId=1
[2026-01-14T13:29:47.657Z] [INFO] GET /api/projects/1/content-plans
[2026-01-14T13:29:47.664Z] [INFO] GET /api/posts?projectId=1
[2026-01-14T13:29:47.705Z] [INFO] GET /api/projects/1/content-plans
[2026-01-14T13:29:47.721Z] [INFO] GET /api/posts?projectId=1
[2026-01-14T13:30:22.517Z] [INFO] GET /api/posts?projectId=1
[2026-01-14T13:30:22.522Z] [INFO] GET /api/projects/1/content-plans
[2026-01-14T13:30:22.575Z] [INFO] GET /api/posts?projectId=1
[2026-01-14T13:30:22.577Z] [INFO] GET /api/projects/1/content-plans
[2026-01-14T13:31:13.533Z] [INFO] GET /api/posts?projectId=1
[2026-01-14T13:31:13.536Z] [INFO] GET /api/projects/1/content-plans
[2026-01-14T13:31:13.588Z] [INFO] GET /api/posts?projectId=1
[2026-01-14T13:31:13.596Z] [INFO] GET /api/projects/1/content-plans
[2026-01-14T13:42:24.004Z] [INFO] GET /api/projects
[2026-01-14T13:42:24.082Z] [INFO] GET /api/projects/1
[2026-01-14T13:42:57.468Z] [INFO] GET /api/projects
[2026-01-14T13:42:57.565Z] [INFO] GET /api/projects/1
[2026-01-14T13:43:32.273Z] [INFO] GET /api/projects
[2026-01-14T13:43:32.348Z] [INFO] GET /api/projects/1
[2026-01-14T13:43:47.162Z] [INFO] GET /api/projects
[2026-01-14T13:43:47.248Z] [INFO] GET /api/projects/1
[2026-01-14T13:45:10.567Z] [INFO] GET /api/projects
[2026-01-14T13:45:10.632Z] [INFO] GET /api/projects/1
[2026-01-14T13:45:20.080Z] [INFO] GET /api/posts?projectId=1
[2026-01-14T13:45:20.120Z] [INFO] GET /api/posts?projectId=1
[2026-01-14T13:45:51.106Z] [INFO] GET /api/posts?projectId=1
[2026-01-14T13:45:51.164Z] [INFO] GET /api/posts?projectId=1
[2026-01-14T13:45:51.204Z] [INFO] GET /api/projects/1
[2026-01-14T13:45:51.244Z] [INFO] GET /api/projects/1
[2026-01-14T13:47:31.436Z] [INFO] GET /api/projects
[2026-01-14T13:47:31.496Z] [INFO] GET /api/projects/1
[2026-01-14T13:47:31.532Z] [INFO] GET /api/posts?projectId=1
[2026-01-14T13:47:31.563Z] [INFO] GET /api/projects/1
[2026-01-14T15:29:13.677Z] [INFO] GET /api/posts?projectId=1
[2026-01-14T15:29:13.742Z] [INFO] GET /api/posts?projectId=1
[2026-01-14T15:29:13.764Z] [INFO] GET /api/projects/1
[2026-01-14T15:29:13.805Z] [INFO] GET /api/projects/1
[2026-01-14T15:29:56.354Z] [INFO] GET /api/posts?projectId=1
[2026-01-14T15:29:56.399Z] [INFO] GET /api/posts?projectId=1
[2026-01-14T15:29:56.419Z] [INFO] GET /api/projects/1
[2026-01-14T15:29:56.460Z] [INFO] GET /api/projects/1
[2026-01-14T15:30:14.348Z] [INFO] GET /api/projects
[2026-01-14T15:30:14.405Z] [INFO] GET /api/projects/1
[2026-01-14T15:30:14.437Z] [INFO] GET /api/posts?projectId=1
[2026-01-14T15:30:14.471Z] [INFO] GET /api/projects/1
[2026-01-14T15:33:08.962Z] [INFO] GET /api/posts?projectId=1
[2026-01-14T15:33:09.020Z] [INFO] GET /api/posts?projectId=1
[2026-01-14T15:33:09.026Z] [INFO] GET /api/projects/1
[2026-01-14T15:33:09.090Z] [INFO] GET /api/projects/1
[2026-01-14T15:34:53.351Z] [INFO] GET /api/projects
[2026-01-14T15:34:53.386Z] [INFO] GET /api/projects/1
[2026-01-14T15:34:53.413Z] [INFO] GET /api/posts?projectId=1
[2026-01-14T15:34:53.437Z] [INFO] GET /api/projects/1
[2026-01-14T15:35:32.702Z] [INFO] GET /api/posts?projectId=1
[2026-01-14T15:35:32.752Z] [INFO] GET /api/posts?projectId=1
[2026-01-14T15:35:32.772Z] [INFO] GET /api/projects/1
[2026-01-14T15:35:32.822Z] [INFO] GET /api/projects/1
[2026-01-14T15:37:44.333Z] [INFO] GET /api/projects
[2026-01-14T15:37:44.398Z] [INFO] GET /api/projects/1
[2026-01-14T15:37:44.443Z] [INFO] GET /api/posts?projectId=1
[2026-01-14T15:37:44.490Z] [INFO] GET /api/projects/1
[2026-01-14T15:39:13.138Z] [INFO] GET /api/posts?projectId=1
[2026-01-14T15:39:13.143Z] [INFO] GET /api/projects/1/content-plans
[2026-01-14T15:39:13.200Z] [INFO] GET /api/posts?projectId=1
[2026-01-14T15:39:13.203Z] [INFO] GET /api/projects/1/content-plans
[2026-01-14T16:11:14.528Z] [INFO] GET /api/projects
[2026-01-14T16:11:14.586Z] [INFO] GET /api/projects/1
[2026-01-14T16:11:14.651Z] [INFO] GET /api/posts?projectId=1
[2026-01-14T16:11:14.667Z] [INFO] GET /api/projects/1/content-plans
[2026-01-14T16:12:20.506Z] [INFO] GET /api/projects/1/content-plans
[2026-01-14T16:12:20.512Z] [INFO] GET /api/posts?projectId=1
[2026-01-14T16:12:20.599Z] [INFO] GET /api/projects/1/content-plans
[2026-01-14T16:12:20.601Z] [INFO] GET /api/posts?projectId=1
[2026-01-14T16:17:00.004Z] [INFO] GET /api/projects
[2026-01-14T16:17:00.062Z] [INFO] GET /api/projects/1
[2026-01-14T16:18:37.388Z] [INFO] GET /api/projects
[2026-01-14T16:18:37.490Z] [INFO] GET /api/projects/1
[2026-01-14T16:21:01.108Z] [INFO] GET /api/posts?projectId=1
[2026-01-14T16:21:01.172Z] [INFO] GET /api/posts?projectId=1
[2026-01-14T16:21:01.222Z] [INFO] GET /api/projects/1
[2026-01-14T16:21:01.258Z] [INFO] GET /api/projects/1
[2026-01-14T16:21:02.369Z] [INFO] GET /api/posts?projectId=1
[2026-01-14T16:21:02.375Z] [INFO] GET /api/projects/1/content-plans
[2026-01-14T16:21:02.395Z] [INFO] GET /api/projects/1/content-plans
[2026-01-14T16:21:02.397Z] [INFO] GET /api/posts?projectId=1
[2026-01-14T16:22:53.629Z] [INFO] GET /api/posts?projectId=1
[2026-01-14T16:22:53.636Z] [INFO] GET /api/projects/1/content-plans
[2026-01-14T16:22:53.716Z] [INFO] GET /api/posts?projectId=1
[2026-01-14T16:22:53.720Z] [INFO] GET /api/projects/1/content-plans
[2026-01-14T16:27:50.516Z] [INFO] GET /api/posts?projectId=1
[2026-01-14T16:27:50.518Z] [INFO] GET /api/projects/1/content-plans
[2026-01-14T16:27:50.578Z] [INFO] GET /api/projects/1/content-plans
[2026-01-14T16:27:50.586Z] [INFO] GET /api/posts?projectId=1
[2026-01-14T16:28:30.611Z] [INFO] GET /api/posts?projectId=1
[2026-01-14T16:28:30.616Z] [INFO] GET /api/projects/1/content-plans
[2026-01-14T16:28:30.683Z] [INFO] GET /api/projects/1/content-plans
[2026-01-14T16:28:30.703Z] [INFO] GET /api/posts?projectId=1
[2026-01-14T16:30:38.260Z] [INFO] GET /api/posts?projectId=1
[2026-01-14T16:30:38.274Z] [INFO] GET /api/projects/1/content-plans
[2026-01-14T16:30:38.332Z] [INFO] GET /api/projects/1/content-plans
[2026-01-14T16:30:38.332Z] [INFO] GET /api/posts?projectId=1
[2026-01-14T16:31:21.478Z] [INFO] GET /api/posts?projectId=1
[2026-01-14T16:31:21.493Z] [INFO] GET /api/projects/1/content-plans
[2026-01-14T16:31:21.567Z] [INFO] GET /api/projects/1/content-plans
[2026-01-14T16:31:21.599Z] [INFO] GET /api/posts?projectId=1
[2026-01-14T16:31:30.965Z] [INFO] GET /api/posts?projectId=1
[2026-01-14T16:31:30.974Z] [INFO] GET /api/projects/1/content-plans
[2026-01-14T16:31:31.021Z] [INFO] GET /api/projects/1/content-plans
[2026-01-14T16:31:31.023Z] [INFO] GET /api/posts?projectId=1
[2026-01-14T16:32:01.937Z] [INFO] GET /api/posts?projectId=1
[2026-01-14T16:32:01.962Z] [INFO] GET /api/projects/1/content-plans
[2026-01-14T16:32:02.027Z] [INFO] GET /api/posts?projectId=1
[2026-01-14T16:32:02.037Z] [INFO] GET /api/projects/1/content-plans
[2026-01-14T16:34:59.654Z] [INFO] GET /api/posts?projectId=1
[2026-01-14T16:34:59.656Z] [INFO] GET /api/projects/1/content-plans
[2026-01-14T16:34:59.710Z] [INFO] GET /api/projects/1/content-plans
[2026-01-14T16:34:59.729Z] [INFO] GET /api/posts?projectId=1
[2026-01-14T16:35:40.372Z] [INFO] POST /api/projects/1/content-plans
[2026-01-14T16:35:40.411Z] [INFO] GET /api/projects/1/content-plans
[2026-01-14T16:35:48.869Z] [INFO] POST /api/projects/1/content-plans
[2026-01-14T16:35:48.890Z] [INFO] GET /api/projects/1/content-plans
[2026-01-14T16:35:55.450Z] [INFO] GET /api/projects
[2026-01-14T16:35:55.491Z] [INFO] GET /api/projects/1
[2026-01-14T16:36:00.873Z] [INFO] GET /api/posts?projectId=1
[2026-01-14T16:36:00.886Z] [INFO] GET /api/projects/1/content-plans
[2026-01-14T16:36:00.898Z] [INFO] GET /api/posts?projectId=1
[2026-01-14T16:36:00.908Z] [INFO] GET /api/projects/1/content-plans
[2026-01-14T16:36:32.931Z] [INFO] POST /api/projects/1/content-plans
[2026-01-14T16:36:32.991Z] [INFO] GET /api/projects/1/content-plans
[2026-01-14T16:36:47.892Z] [INFO] POST /api/projects/1/content-plans
[2026-01-14T16:36:47.993Z] [INFO] GET /api/projects/1/content-plans
[2026-01-14T16:37:15.378Z] [INFO] POST /api/projects/1/content-plans
[2026-01-14T16:37:15.414Z] [INFO] GET /api/projects/1/content-plans
[2026-01-14T16:37:22.722Z] [INFO] GET /api/projects
[2026-01-14T16:37:22.760Z] [INFO] GET /api/projects/1
[2026-01-14T16:37:25.316Z] [INFO] GET /api/posts?projectId=1
[2026-01-14T16:37:25.317Z] [INFO] GET /api/projects/1/content-plans
[2026-01-14T16:37:25.334Z] [INFO] GET /api/posts?projectId=1
[2026-01-14T16:37:25.361Z] [INFO] GET /api/projects/1/content-plans
[2026-01-14T16:37:33.604Z] [INFO] POST /api/projects/1/content-plans
[2026-01-14T16:37:33.629Z] [INFO] GET /api/projects/1/content-plans
[2026-01-14T16:39:35.720Z] [INFO] GET /api/projects
[2026-01-14T16:39:35.843Z] [INFO] GET /api/projects/1
[2026-01-14T16:39:35.923Z] [INFO] GET /api/posts?projectId=1
[2026-01-14T16:39:35.936Z] [INFO] GET /api/projects/1/content-plans
[2026-01-14T16:40:09.849Z] [INFO] POST /api/projects/1/content-plans
[2026-01-14T16:40:09.876Z] [INFO] GET /api/projects/1/content-plans
[2026-01-14T16:40:23.002Z] [INFO] POST /api/projects/1/content-plans
[2026-01-14T16:40:23.067Z] [INFO] GET /api/projects/1/content-plans
[2026-01-14T16:46:38.720Z] [INFO] GET /api/projects/1/content-plans
[2026-01-14T16:46:38.724Z] [INFO] GET /api/posts?projectId=1
[2026-01-14T16:46:38.785Z] [INFO] GET /api/posts?projectId=1
[2026-01-14T16:46:38.793Z] [INFO] GET /api/projects/1/content-plans
[2026-01-14T16:47:12.965Z] [INFO] GET /api/posts?projectId=1
[2026-01-14T16:47:12.974Z] [INFO] GET /api/projects/1/content-plans
[2026-01-14T16:47:13.029Z] [INFO] GET /api/posts?projectId=1
[2026-01-14T16:47:13.040Z] [INFO] GET /api/projects/1/content-plans
[2026-01-14T16:47:43.555Z] [INFO] GET /api/projects/1/content-plans
[2026-01-14T16:47:43.565Z] [INFO] GET /api/posts?projectId=1
[2026-01-14T16:47:43.647Z] [INFO] GET /api/projects/1/content-plans
[2026-01-14T16:47:43.661Z] [INFO] GET /api/posts?projectId=1
[2026-01-14T16:49:51.657Z] [INFO] POST /api/projects/1/content-plans
[2026-01-14T16:49:51.690Z] [INFO] GET /api/projects/1/content-plans
[2026-01-14T16:50:08.648Z] [INFO] POST /api/projects/1/content-plans
[2026-01-14T16:50:08.732Z] [INFO] GET /api/projects/1/content-plans
[2026-01-14T16:50:53.519Z] [INFO] POST /api/projects/1/content-plans
[2026-01-14T16:50:53.660Z] [INFO] GET /api/projects/1/content-plans
[2026-01-14T16:50:58.691Z] [INFO] POST /api/projects/1/content-plans
[2026-01-14T16:50:58.714Z] [INFO] GET /api/projects/1/content-plans
[2026-01-14T16:51:36.861Z] [INFO] POST /api/projects/1/content-plans
[2026-01-14T16:51:36.900Z] [INFO] GET /api/projects/1/content-plans
[2026-01-14T16:54:26.420Z] [INFO] POST /api/projects/1/content-plans
[2026-01-14T16:54:26.478Z] [INFO] GET /api/projects/1/content-plans
[2026-01-14T16:55:04.080Z] [INFO] POST /api/projects/1/content-plans
[2026-01-14T16:55:04.133Z] [INFO] GET /api/projects/1/content-plans
[2026-01-14T17:00:15.347Z] [INFO] GET /api/posts?projectId=1
[2026-01-14T17:00:15.357Z] [INFO] GET /api/projects/1/content-plans
[2026-01-14T17:00:15.433Z] [INFO] GET /api/posts?projectId=1
[2026-01-14T17:00:15.436Z] [INFO] GET /api/projects/1/content-plans
[2026-01-14T17:02:23.283Z] [INFO] GET /api/projects/1/content-plans
[2026-01-14T17:02:23.297Z] [INFO] GET /api/posts?projectId=1
[2026-01-14T17:02:23.359Z] [INFO] GET /api/projects/1/content-plans
[2026-01-14T17:02:23.361Z] [INFO] GET /api/posts?projectId=1
[2026-01-14T17:03:35.372Z] [INFO] GET /api/posts?projectId=1
[2026-01-14T17:03:35.375Z] [INFO] GET /api/projects/1/content-plans
[2026-01-14T17:03:35.442Z] [INFO] GET /api/projects/1/content-plans
[2026-01-14T17:03:35.450Z] [INFO] GET /api/posts?projectId=1
[2026-01-14T17:06:27.823Z] [INFO] GET /api/projects
[2026-01-14T17:06:27.918Z] [INFO] GET /api/projects/1
[2026-01-14T17:06:27.952Z] [INFO] GET /api/projects/1/content-plans
[2026-01-14T17:06:27.962Z] [INFO] GET /api/posts?projectId=1
[2026-01-14T18:17:45.742Z] [INFO] POST /api/projects/1/content-plans
[2026-01-14T18:19:19.893Z] [INFO] GET /api/posts?projectId=1
[2026-01-14T18:19:19.898Z] [INFO] GET /api/projects/1/content-plans
[2026-01-14T18:19:20.001Z] [INFO] GET /api/posts?projectId=1
[2026-01-14T18:19:20.005Z] [INFO] GET /api/projects/1/content-plans
[2026-01-14T18:21:33.223Z] [INFO] GET /api/projects
[2026-01-14T18:21:33.306Z] [INFO] GET /api/projects/1
[2026-01-14T18:21:33.361Z] [INFO] GET /api/posts?projectId=1
[2026-01-14T18:21:33.364Z] [INFO] GET /api/projects/1/content-plans
[2026-01-14T18:22:00.381Z] [INFO] POST /api/projects/1/content-plans
[2026-01-14T18:22:50.807Z] [INFO] GET /api/posts?projectId=1
[2026-01-14T18:22:50.811Z] [INFO] GET /api/projects/1/content-plans
[2026-01-14T18:22:50.871Z] [INFO] GET /api/projects/1/content-plans
[2026-01-14T18:22:50.877Z] [INFO] GET /api/posts?projectId=1
[2026-01-14T18:23:05.695Z] [INFO] POST /api/projects/1/content-plans
[2026-01-14T18:24:49.216Z] [INFO] GET /api/posts?projectId=1
[2026-01-14T18:24:49.217Z] [INFO] GET /api/projects/1/content-plans
[2026-01-14T18:24:49.280Z] [INFO] GET /api/posts?projectId=1
[2026-01-14T18:24:49.286Z] [INFO] GET /api/projects/1/content-plans
[2026-01-14T18:25:02.432Z] [INFO] POST /api/projects/1/content-plans
[2026-01-14T18:27:18.917Z] [INFO] POST /api/projects/1/content-plans
[2026-01-14T18:31:07.021Z] [INFO] GET /api/posts?projectId=1
[2026-01-14T18:31:07.057Z] [INFO] GET /api/projects/1/content-plans
[2026-01-14T18:31:07.140Z] [INFO] GET /api/projects/1/content-plans
[2026-01-14T18:31:07.165Z] [INFO] GET /api/posts?projectId=1
[2026-01-14T18:31:25.906Z] [INFO] POST /api/projects/1/content-plans
[2026-01-14T19:40:23.648Z] [INFO] POST /api/projects/1/content-plans
[2026-01-14T19:40:23.697Z] [INFO] GET /api/projects/1/content-plans
[2026-01-14T19:40:38.805Z] [INFO] POST /api/projects/1/content-plans
[2026-01-14T19:40:38.856Z] [INFO] GET /api/projects/1/content-plans
[2026-01-14T19:46:43.336Z] [INFO] GET /api/projects
[2026-01-14T19:46:43.401Z] [INFO] GET /api/projects/1
[2026-01-14T19:46:43.449Z] [INFO] GET /api/posts?projectId=1
[2026-01-14T19:46:43.458Z] [INFO] GET /api/projects/1/content-plans
[2026-01-14T19:49:32.052Z] [INFO] GET /api/posts?projectId=1
[2026-01-14T19:49:32.053Z] [INFO] GET /api/projects/1/content-plans
[2026-01-14T19:49:32.090Z] [INFO] GET /api/posts?projectId=1
[2026-01-14T19:49:32.092Z] [INFO] GET /api/projects/1/content-plans
[2026-01-14T19:50:11.462Z] [INFO] GET /api/posts?projectId=1
[2026-01-14T19:50:11.464Z] [INFO] GET /api/projects/1/content-plans
[2026-01-14T19:50:11.509Z] [INFO] GET /api/projects/1/content-plans
[2026-01-14T19:50:11.510Z] [INFO] GET /api/posts?projectId=1
[2026-01-14T19:51:08.626Z] [INFO] GET /api/posts?projectId=1
[2026-01-14T19:51:08.631Z] [INFO] GET /api/projects/1/content-plans
[2026-01-14T19:51:08.699Z] [INFO] GET /api/posts?projectId=1
[2026-01-14T19:51:08.700Z] [INFO] GET /api/projects/1/content-plans
[2026-01-14T19:51:20.953Z] [INFO] POST /api/projects/1/content-plans
[2026-01-14T19:51:21.035Z] [INFO] GET /api/projects/1/content-plans
[2026-01-14T19:51:34.983Z] [INFO] POST /api/projects/1/content-plans
[2026-01-14T19:51:35.055Z] [INFO] GET /api/projects/1/content-plans
[2026-01-14T19:51:42.799Z] [INFO] GET /api/posts/4
[2026-01-14T19:51:42.859Z] [INFO] GET /api/projects/1/content-plans
[2026-01-14T19:51:45.603Z] [INFO] GET /api/posts?projectId=1
[2026-01-14T19:51:45.604Z] [INFO] GET /api/projects/1/content-plans
[2026-01-14T19:51:45.628Z] [INFO] GET /api/posts?projectId=1
[2026-01-14T19:51:45.679Z] [INFO] GET /api/projects/1/content-plans
[2026-01-14T19:51:47.537Z] [INFO] GET /api/posts/4
[2026-01-14T19:51:47.609Z] [INFO] GET /api/projects/1/content-plans
[2026-01-14T19:51:58.864Z] [INFO] GET /api/posts?projectId=1
[2026-01-14T19:51:58.870Z] [INFO] GET /api/projects/1/content-plans
[2026-01-14T19:51:58.934Z] [INFO] GET /api/projects/1/content-plans
[2026-01-14T19:51:58.940Z] [INFO] GET /api/posts?projectId=1
[2026-01-14T19:53:10.565Z] [INFO] GET /api/posts/2
[2026-01-14T19:53:10.642Z] [INFO] GET /api/projects/1/content-plans
[2026-01-14T19:53:15.015Z] [INFO] GET /api/posts?projectId=1
[2026-01-14T19:53:15.016Z] [INFO] GET /api/projects/1/content-plans
[2026-01-14T19:53:15.038Z] [INFO] GET /api/posts?projectId=1
[2026-01-14T19:53:15.097Z] [INFO] GET /api/projects/1/content-plans
[2026-01-14T20:13:55.524Z] [INFO] POST /api/projects/1/content-plans
[2026-01-14T20:13:55.699Z] [INFO] GET /api/projects/1/content-plans
