[2026-01-15T03:18:22.786Z] [INFO] GET /api/projects
[2026-01-15T03:18:22.933Z] [INFO] GET /api/projects/1
[2026-01-15T03:18:23.012Z] [INFO] GET /api/posts?projectId=1
[2026-01-15T03:18:23.039Z] [INFO] GET /api/projects/1/content-plans
[2026-01-15T04:05:45.139Z] [INFO] GET /api/posts?projectId=1
[2026-01-15T04:05:45.140Z] [INFO] GET /api/projects/1/content-plans
[2026-01-15T04:05:45.176Z] [INFO] GET /api/posts?projectId=1
[2026-01-15T04:05:45.180Z] [INFO] GET /api/projects/1/content-plans
[2026-01-15T04:08:19.500Z] [INFO] GET /api/posts?projectId=1
[2026-01-15T04:08:19.509Z] [INFO] GET /api/projects/1/content-plans
[2026-01-15T04:08:19.626Z] [INFO] GET /api/posts?projectId=1
[2026-01-15T04:08:19.682Z] [INFO] GET /api/projects/1/content-plans
[2026-01-15T04:15:41.610Z] [INFO] GET /api/posts/4
[2026-01-15T04:15:41.743Z] [INFO] GET /api/projects/1/content-plans
[2026-01-15T04:15:48.329Z] [INFO] GET /api/posts?projectId=1
[2026-01-15T04:15:48.336Z] [INFO] GET /api/projects/1/content-plans
[2026-01-15T04:15:48.364Z] [INFO] GET /api/posts?projectId=1
[2026-01-15T04:15:48.430Z] [INFO] GET /api/projects/1/content-plans
[2026-01-15T04:15:51.418Z] [INFO] GET /api/posts/3
[2026-01-15T04:15:51.606Z] [INFO] GET /api/projects/1/content-plans
[2026-01-15T04:15:56.611Z] [INFO] GET /api/posts?projectId=1
[2026-01-15T04:15:56.649Z] [INFO] GET /api/projects/1/content-plans
[2026-01-15T04:15:56.683Z] [INFO] GET /api/posts?projectId=1
[2026-01-15T04:15:56.693Z] [INFO] GET /api/projects/1/content-plans
[2026-01-15T04:19:21.437Z] [INFO] GET /api/posts?projectId=1
[2026-01-15T04:19:21.444Z] [INFO] GET /api/projects/1/content-plans
[2026-01-15T04:19:21.527Z] [INFO] GET /api/projects/1/content-plans
[2026-01-15T04:19:21.556Z] [INFO] GET /api/posts?projectId=1
[2026-01-15T04:21:01.783Z] [INFO] GET /api/projects/1/content-plans
[2026-01-15T04:21:01.790Z] [INFO] GET /api/posts?projectId=1
[2026-01-15T04:21:01.903Z] [INFO] GET /api/posts?projectId=1
[2026-01-15T04:21:01.917Z] [INFO] GET /api/projects/1/content-plans
[2026-01-15T04:21:35.518Z] [INFO] GET /api/posts?projectId=1
[2026-01-15T04:21:35.528Z] [INFO] GET /api/projects/1/content-plans
[2026-01-15T04:21:35.587Z] [INFO] GET /api/posts?projectId=1
[2026-01-15T04:21:35.595Z] [INFO] GET /api/projects/1/content-plans
[2026-01-15T04:21:46.293Z] [INFO] GET /api/posts/1
[2026-01-15T04:21:46.604Z] [INFO] GET /api/projects/1/content-plans
[2026-01-15T04:21:49.327Z] [INFO] GET /api/posts?projectId=1
[2026-01-15T04:21:49.348Z] [INFO] GET /api/projects/1/content-plans
[2026-01-15T04:21:49.396Z] [INFO] GET /api/posts?projectId=1
[2026-01-15T04:21:49.452Z] [INFO] GET /api/projects/1/content-plans
[2026-01-15T04:23:01.300Z] [INFO] GET /api/posts?projectId=1
[2026-01-15T04:23:01.302Z] [INFO] GET /api/projects/1/content-plans
[2026-01-15T04:23:01.375Z] [INFO] GET /api/posts?projectId=1
[2026-01-15T04:23:01.380Z] [INFO] GET /api/projects/1/content-plans
[2026-01-15T04:23:38.555Z] [INFO] GET /api/posts?projectId=1
[2026-01-15T04:23:38.559Z] [INFO] GET /api/projects/1/content-plans
[2026-01-15T04:23:38.611Z] [INFO] GET /api/posts?projectId=1
[2026-01-15T04:23:38.615Z] [INFO] GET /api/projects/1/content-plans
[2026-01-15T04:24:09.833Z] [INFO] GET /api/posts?projectId=1
[2026-01-15T04:24:09.835Z] [INFO] GET /api/projects/1/content-plans
[2026-01-15T04:24:09.935Z] [INFO] GET /api/posts?projectId=1
[2026-01-15T04:24:09.959Z] [INFO] GET /api/projects/1/content-plans
[2026-01-15T06:18:34.680Z] [INFO] GET /api/projects
[2026-01-15T06:18:34.856Z] [INFO] GET /api/projects/1
[2026-01-15T06:18:34.920Z] [INFO] GET /api/posts?projectId=1
[2026-01-15T06:18:34.933Z] [INFO] GET /api/projects/1/content-plans
[2026-01-15T06:21:51.858Z] [INFO] GET /api/posts?projectId=1
[2026-01-15T06:21:51.859Z] [INFO] GET /api/projects/1/content-plans
[2026-01-15T06:21:51.896Z] [INFO] GET /api/projects/1/content-plans
[2026-01-15T06:21:51.905Z] [INFO] GET /api/posts?projectId=1
[2026-01-15T06:23:30.164Z] [INFO] GET /api/posts?projectId=1
[2026-01-15T06:23:30.167Z] [INFO] GET /api/projects/1/content-plans
[2026-01-15T06:23:30.218Z] [INFO] GET /api/posts?projectId=1
[2026-01-15T06:23:30.219Z] [INFO] GET /api/projects/1/content-plans
[2026-01-15T06:24:13.165Z] [INFO] GET /api/projects/1/content-plans
[2026-01-15T06:24:13.169Z] [INFO] GET /api/posts?projectId=1
[2026-01-15T06:24:13.228Z] [INFO] GET /api/posts?projectId=1
[2026-01-15T06:24:13.230Z] [INFO] GET /api/projects/1/content-plans
[2026-01-15T06:25:31.940Z] [INFO] GET /api/posts?projectId=1
[2026-01-15T06:25:31.942Z] [INFO] GET /api/projects/1/content-plans
[2026-01-15T06:25:31.999Z] [INFO] GET /api/projects/1/content-plans
[2026-01-15T06:25:32.019Z] [INFO] GET /api/posts?projectId=1
[2026-01-15T06:25:47.854Z] [INFO] GET /api/posts?projectId=1
[2026-01-15T06:25:47.860Z] [INFO] GET /api/projects/1/content-plans
[2026-01-15T06:25:47.934Z] [INFO] GET /api/posts?projectId=1
[2026-01-15T06:25:47.969Z] [INFO] GET /api/projects/1/content-plans
[2026-01-15T06:26:43.866Z] [INFO] GET /api/posts?projectId=1
[2026-01-15T06:26:43.871Z] [INFO] GET /api/projects/1/content-plans
[2026-01-15T06:26:43.927Z] [INFO] GET /api/projects/1/content-plans
[2026-01-15T06:26:43.932Z] [INFO] GET /api/posts?projectId=1
[2026-01-15T06:29:48.184Z] [INFO] GET /api/posts?projectId=1
[2026-01-15T06:29:48.186Z] [INFO] GET /api/projects/1/content-plans
[2026-01-15T06:29:48.240Z] [INFO] GET /api/posts?projectId=1
[2026-01-15T06:29:48.244Z] [INFO] GET /api/projects/1/content-plans
[2026-01-15T06:44:38.469Z] [INFO] GET /api/projects
[2026-01-15T06:44:38.560Z] [INFO] GET /api/projects/1
[2026-01-15T07:11:16.278Z] [INFO] GET /api/projects
[2026-01-15T07:11:16.340Z] [INFO] GET /api/projects/1
[2026-01-15T07:15:11.237Z] [INFO] GET /api/projects
[2026-01-15T07:15:11.669Z] [INFO] GET /api/projects/1
[2026-01-15T07:17:58.091Z] [INFO] GET /api/projects
[2026-01-15T07:17:58.231Z] [INFO] GET /api/projects/1
[2026-01-15T07:17:58.305Z] [INFO] GET /api/posts?projectId=1
[2026-01-15T07:17:58.308Z] [INFO] GET /api/projects/1/content-plans
[2026-01-15T07:19:48.009Z] [INFO] GET /api/posts?projectId=1
[2026-01-15T07:19:48.011Z] [INFO] GET /api/projects/1/content-plans
[2026-01-15T07:19:48.043Z] [INFO] GET /api/projects/1/content-plans
[2026-01-15T07:19:48.053Z] [INFO] GET /api/posts?projectId=1
[2026-01-15T07:25:41.737Z] [INFO] GET /api/projects/1/content-plans
[2026-01-15T07:25:41.739Z] [INFO] GET /api/posts?projectId=1
[2026-01-15T07:25:41.785Z] [INFO] GET /api/projects/1/content-plans
[2026-01-15T07:25:41.797Z] [INFO] GET /api/posts?projectId=1
[2026-01-15T07:26:07.726Z] [INFO] GET /api/posts?projectId=1
[2026-01-15T07:26:07.733Z] [INFO] GET /api/projects/1/content-plans
[2026-01-15T07:26:07.809Z] [INFO] GET /api/projects/1/content-plans
[2026-01-15T07:26:07.816Z] [INFO] GET /api/posts?projectId=1
[2026-01-15T07:27:25.809Z] [INFO] GET /api/posts?projectId=1
[2026-01-15T07:27:25.821Z] [INFO] GET /api/projects/1/content-plans
[2026-01-15T07:27:25.894Z] [INFO] GET /api/posts?projectId=1
[2026-01-15T07:27:25.923Z] [INFO] GET /api/projects/1/content-plans
[2026-01-15T07:29:56.130Z] [INFO] POST /api/projects/1/content-plans
[2026-01-15T07:29:56.155Z] [INFO] GET /api/projects/1/content-plans
[2026-01-15T07:31:04.099Z] [INFO] GET /api/posts?projectId=1
[2026-01-15T07:31:04.100Z] [INFO] GET /api/projects/1/content-plans
[2026-01-15T07:31:04.156Z] [INFO] GET /api/projects/1/content-plans
[2026-01-15T07:31:04.158Z] [INFO] GET /api/posts?projectId=1
[2026-01-15T07:31:17.862Z] [INFO] POST /api/projects/1/content-plans
[2026-01-15T07:31:17.961Z] [INFO] GET /api/projects/1/content-plans
[2026-01-15T07:43:34.079Z] [INFO] GET /api/projects/1/content-plans
[2026-01-15T07:43:34.083Z] [INFO] GET /api/posts?projectId=1
[2026-01-15T07:43:34.142Z] [INFO] GET /api/projects/1/content-plans
[2026-01-15T07:43:34.146Z] [INFO] GET /api/posts?projectId=1
[2026-01-15T07:43:47.161Z] [INFO] GET /api/projects
[2026-01-15T07:43:47.289Z] [INFO] GET /api/projects/1
[2026-01-15T07:43:47.653Z] [INFO] GET /api/posts?projectId=1
[2026-01-15T07:43:47.655Z] [INFO] GET /api/projects/1/content-plans
[2026-01-15T07:44:23.449Z] [INFO] GET /api/posts?projectId=1
[2026-01-15T07:44:23.452Z] [INFO] GET /api/projects/1/content-plans
[2026-01-15T07:44:23.506Z] [INFO] GET /api/projects/1/content-plans
[2026-01-15T07:44:23.507Z] [INFO] GET /api/posts?projectId=1
[2026-01-15T07:45:13.866Z] [INFO] GET /api/posts?projectId=1
[2026-01-15T07:45:13.867Z] [INFO] GET /api/projects/1/content-plans
[2026-01-15T07:45:13.916Z] [INFO] GET /api/posts?projectId=1
[2026-01-15T07:45:13.917Z] [INFO] GET /api/projects/1/content-plans
[2026-01-15T09:25:06.404Z] [INFO] GET /api/posts?projectId=1
[2026-01-15T09:25:06.406Z] [INFO] GET /api/projects/1/content-plans
[2026-01-15T09:25:06.485Z] [INFO] GET /api/projects/1/content-plans
[2026-01-15T09:25:06.486Z] [INFO] GET /api/posts?projectId=1
[2026-01-15T09:25:31.442Z] [INFO] GET /api/posts?projectId=1
[2026-01-15T09:25:31.450Z] [INFO] GET /api/projects/1/content-plans
[2026-01-15T09:25:31.538Z] [INFO] GET /api/posts?projectId=1
[2026-01-15T09:25:31.547Z] [INFO] GET /api/projects/1/content-plans
[2026-01-15T09:26:09.125Z] [INFO] GET /api/posts?projectId=1
[2026-01-15T09:26:09.130Z] [INFO] GET /api/projects/1/content-plans
[2026-01-15T09:26:09.204Z] [INFO] GET /api/projects/1/content-plans
[2026-01-15T09:26:09.208Z] [INFO] GET /api/posts?projectId=1
[2026-01-15T09:26:34.181Z] [INFO] GET /api/posts?projectId=1
[2026-01-15T09:26:34.183Z] [INFO] GET /api/projects/1/content-plans
[2026-01-15T09:26:34.235Z] [INFO] GET /api/posts?projectId=1
[2026-01-15T09:26:34.240Z] [INFO] GET /api/projects/1/content-plans
[2026-01-15T11:34:06.050Z] [INFO] GET /api/posts?projectId=1
[2026-01-15T11:34:06.103Z] [INFO] GET /api/posts?projectId=1
[2026-01-15T11:34:06.164Z] [INFO] GET /api/projects/1
[2026-01-15T11:34:06.213Z] [INFO] GET /api/projects/1
[2026-01-15T13:19:45.152Z] [INFO] GET /api/posts?projectId=1
[2026-01-15T13:19:45.156Z] [INFO] GET /api/projects/1/content-plans
[2026-01-15T13:19:45.205Z] [INFO] GET /api/projects/1/content-plans
[2026-01-15T13:19:45.216Z] [INFO] GET /api/posts?projectId=1
