[2026-01-16T02:31:59.578Z] [INFO] GET /api/projects
[2026-01-16T02:32:00.003Z] [INFO] GET /api/projects/1
[2026-01-16T02:32:00.059Z] [INFO] GET /api/posts?projectId=1
[2026-01-16T02:32:00.076Z] [INFO] GET /api/projects/1/content-plans
[2026-01-16T05:40:13.161Z] [INFO] GET /api/projects
[2026-01-16T05:40:13.274Z] [INFO] GET /api/projects/1
[2026-01-16T05:40:13.320Z] [INFO] GET /api/posts?projectId=1
[2026-01-16T05:40:13.334Z] [INFO] GET /api/projects/1/content-plans
[2026-01-16T07:59:08.416Z] [INFO] POST /api/upload
[2026-01-16T07:59:08.487Z] [INFO] PUT /api/projects/social-networks/1
[2026-01-16T07:59:08.540Z] [INFO] GET /api/projects/1
[2026-01-16T08:49:06.569Z] [INFO] GET /uploads/facebook-logo.png
[2026-01-16T08:49:06.573Z] [INFO] GET /uploads/1768550348444-instagram-6338393_1280.webp
[2026-01-16T08:49:24.037Z] [INFO] GET /api/projects
[2026-01-16T08:49:24.115Z] [INFO] GET /api/projects/1
[2026-01-16T08:49:52.345Z] [INFO] GET /api/projects
[2026-01-16T08:49:52.426Z] [INFO] GET /api/projects/1
[2026-01-16T08:52:53.861Z] [INFO] GET /api/projects
[2026-01-16T08:52:54.034Z] [INFO] GET /api/projects/1
[2026-01-16T08:52:54.129Z] [INFO] GET /uploads/facebook-logo.png
[2026-01-16T08:52:54.148Z] [INFO] GET /uploads/1768550348444-instagram-6338393_1280.webp
[2026-01-16T08:53:06.202Z] [INFO] GET /uploads/facebook-logo.png
[2026-01-16T08:53:11.829Z] [INFO] POST /api/upload
[2026-01-16T08:53:11.950Z] [INFO] PUT /api/projects/social-networks/2
[2026-01-16T08:53:12.011Z] [INFO] GET /api/projects/1
[2026-01-16T08:53:12.403Z] [INFO] GET /uploads/1768553591865-Facebook_logo_(square).png
[2026-01-16T08:53:14.796Z] [INFO] GET /api/projects
[2026-01-16T08:53:14.846Z] [INFO] GET /api/projects/1
[2026-01-16T08:53:14.876Z] [INFO] GET /uploads/1768550348444-instagram-6338393_1280.webp
[2026-01-16T08:53:14.896Z] [INFO] GET /uploads/1768553591865-Facebook_logo_(square).png
[2026-01-16T08:53:25.000Z] [INFO] GET /api/posts?projectId=1
[2026-01-16T08:53:25.004Z] [INFO] GET /api/projects/1/content-plans
[2026-01-16T08:53:25.052Z] [INFO] GET /api/projects/1/content-plans
[2026-01-16T08:53:25.056Z] [INFO] GET /api/posts?projectId=1
[2026-01-16T09:10:52.229Z] [INFO] POST /api/upload
[2026-01-16T09:10:52.449Z] [INFO] PUT /api/projects/social-networks/1
[2026-01-16T09:10:52.543Z] [INFO] GET /api/projects/1
[2026-01-16T09:10:53.077Z] [INFO] GET /uploads/1768554652281-downloadtiktok.png
[2026-01-16T09:10:56.184Z] [INFO] GET /api/projects
[2026-01-16T09:10:56.228Z] [INFO] GET /api/projects/1
[2026-01-16T09:10:56.292Z] [INFO] GET /uploads/1768553591865-Facebook_logo_(square).png
[2026-01-16T09:10:56.328Z] [INFO] GET /uploads/1768554652281-downloadtiktok.png
[2026-01-16T09:11:01.437Z] [INFO] GET /api/projects/1/content-plans
[2026-01-16T09:11:01.443Z] [INFO] GET /api/posts?projectId=1
[2026-01-16T09:11:01.461Z] [INFO] GET /api/projects/1/content-plans
[2026-01-16T09:11:01.534Z] [INFO] GET /api/posts?projectId=1
